[ 2024-11-26 00:07:58,889 ] 26 root - INFO - Data Ingesion has been started
[ 2024-11-26 00:07:58,889 ] 28 root - INFO - Data reading using Pandas from local file system
[ 2024-11-26 00:07:58,902 ] 30 root - INFO - Data Reading has been completed
[ 2024-11-26 00:07:58,925 ] 34 root - INFO - Raw data has been stored
[ 2024-11-26 00:07:58,926 ] 37 root - INFO - Raw data has been splitted into Train and Test set
[ 2024-11-26 00:07:58,948 ] 42 root - INFO - Data Ingestion has been completed!
[ 2024-11-26 00:07:58,949 ] 49 root - INFO - Created feature store configuration at /Users/sirajussalekin/Desktop/MLOps_projects/telco-churn-pipeline/feature_repo/feature_store.yaml
[ 2024-11-26 00:07:58,949 ] 53 root - INFO - Configuration file content:
project: income_prediction
provider: local
registry: data/registry.db
online_store:
  type: sqlite
offline_store:
  type: file
entity_key_serialization_version: 2
[ 2024-11-26 00:07:59,178 ] 57 root - INFO - Feature store initialized successfully
[ 2024-11-26 00:07:59,190 ] 105 root - INFO - Data loaded successfully.
[ 2024-11-26 00:07:59,192 ] 66 root - INFO - Data Transformation: Setting up pipelines.
[ 2024-11-26 00:07:59,194 ] 120 root - INFO - Applying preprocessing object.
[ 2024-11-26 00:07:59,221 ] 133 root - INFO - Preprocessing object saved.
[ 2024-11-26 00:07:59,241 ] 124 root - INFO - Starting model training pipeline
[ 2024-11-26 00:07:59,241 ] 167 root - INFO - Training RandomForest
[ 2024-11-26 00:07:59,328 ] 53 root - INFO - Started Training RandomForest
[ 2024-11-26 00:08:08,655 ] 74 root - INFO - Best Paramaters for RandomForest: {'best_class_weight': 'balanced', 'best_max_depth': 10, 'best_min_samples_split': 2, 'best_n_estimators': 50}
[ 2024-11-26 00:08:12,015 ] 115 root - INFO - Completed Training RandomForest
[ 2024-11-26 00:08:12,030 ] 167 root - INFO - Training DecisionTree
[ 2024-11-26 00:08:12,038 ] 53 root - INFO - Started Training DecisionTree
[ 2024-11-26 00:08:14,585 ] 74 root - INFO - Best Paramaters for DecisionTree: {'best_class_weight': 'balanced', 'best_criterion': 'entropy', 'best_max_depth': 4, 'best_min_samples_split': 2}
[ 2024-11-26 00:08:15,953 ] 115 root - INFO - Completed Training DecisionTree
[ 2024-11-26 00:08:15,962 ] 167 root - INFO - Training LogisticRegression
[ 2024-11-26 00:08:15,970 ] 53 root - INFO - Started Training LogisticRegression
[ 2024-11-26 00:08:17,788 ] 74 root - INFO - Best Paramaters for LogisticRegression: {'best_C': 0.01, 'best_class_weight': 'balanced', 'best_solver': 'saga'}
[ 2024-11-26 00:08:18,936 ] 115 root - INFO - Completed Training LogisticRegression
[ 2024-11-26 00:08:18,944 ] 184 root - INFO - Best model: RandomForest with accuracy:0.7842441447835344
